pugixml.lib(pugixml.obj) : error LNK2038: '_ITERATOR_DEBUG_LEVEL' の不一致が検出されました。値 '0' が 2 の値 'PortAudioDLL.obj' と一致しません。
pugixml.lib(pugixml.obj) : error LNK2038: 'RuntimeLibrary' の不一致が検出されました。値 'MT_StaticRelease' が MTd_StaticDebug の値 'PortAudioDLL.obj' と一致しません。
libcpmt.lib(uncaught_exception.obj) : error LNK2038: '_ITERATOR_DEBUG_LEVEL' の不一致が検出されました。値 '0' が 2 の値 'PortAudioDLL.obj' と一致しません。
libcpmt.lib(uncaught_exception.obj) : error LNK2038: 'RuntimeLibrary' の不一致が検出されました。値 'MT_StaticRelease' が MTd_StaticDebug の値 'PortAudioDLL.obj' と一致しません。
libcpmt.lib(locale0.obj) : error LNK2038: '_ITERATOR_DEBUG_LEVEL' の不一致が検出されました。値 '0' が 2 の値 'PortAudioDLL.obj' と一致しません。
libcpmt.lib(locale0.obj) : error LNK2038: 'RuntimeLibrary' の不一致が検出されました。値 'MT_StaticRelease' が MTd_StaticDebug の値 'PortAudioDLL.obj' と一致しません。
libcpmt.lib(ios.obj) : error LNK2038: '_ITERATOR_DEBUG_LEVEL' の不一致が検出されました。値 '0' が 2 の値 'PortAudioDLL.obj' と一致しません。
libcpmt.lib(ios.obj) : error LNK2038: 'RuntimeLibrary' の不一致が検出されました。値 'MT_StaticRelease' が MTd_StaticDebug の値 'PortAudioDLL.obj' と一致しません。
libcpmt.lib(StlLCMapStringA.obj) : error LNK2038: '_ITERATOR_DEBUG_LEVEL' の不一致が検出されました。値 '0' が 2 の値 'PortAudioDLL.obj' と一致しません。
libcpmt.lib(StlLCMapStringA.obj) : error LNK2038: 'RuntimeLibrary' の不一致が検出されました。値 'MT_StaticRelease' が MTd_StaticDebug の値 'PortAudioDLL.obj' と一致しません。
libcpmt.lib(StlLCMapStringW.obj) : error LNK2038: '_ITERATOR_DEBUG_LEVEL' の不一致が検出されました。値 '0' が 2 の値 'PortAudioDLL.obj' と一致しません。
libcpmt.lib(StlLCMapStringW.obj) : error LNK2038: 'RuntimeLibrary' の不一致が検出されました。値 'MT_StaticRelease' が MTd_StaticDebug の値 'PortAudioDLL.obj' と一致しません。
libcpmt.lib(iosptrs.obj) : error LNK2038: '_ITERATOR_DEBUG_LEVEL' の不一致が検出されました。値 '0' が 2 の値 'PortAudioDLL.obj' と一致しません。
libcpmt.lib(iosptrs.obj) : error LNK2038: 'RuntimeLibrary' の不一致が検出されました。値 'MT_StaticRelease' が MTd_StaticDebug の値 'PortAudioDLL.obj' と一致しません。
libcpmt.lib(locale.obj) : error LNK2038: '_ITERATOR_DEBUG_LEVEL' の不一致が検出されました。値 '0' が 2 の値 'PortAudioDLL.obj' と一致しません。
libcpmt.lib(locale.obj) : error LNK2038: 'RuntimeLibrary' の不一致が検出されました。値 'MT_StaticRelease' が MTd_StaticDebug の値 'PortAudioDLL.obj' と一致しません。
libcpmt.lib(winapinls.obj) : error LNK2038: '_ITERATOR_DEBUG_LEVEL' の不一致が検出されました。値 '0' が 2 の値 'PortAudioDLL.obj' と一致しません。
libcpmt.lib(winapinls.obj) : error LNK2038: 'RuntimeLibrary' の不一致が検出されました。値 'MT_StaticRelease' が MTd_StaticDebug の値 'PortAudioDLL.obj' と一致しません。
libcpmt.lib(wlocale.obj) : error LNK2038: '_ITERATOR_DEBUG_LEVEL' の不一致が検出されました。値 '0' が 2 の値 'PortAudioDLL.obj' と一致しません。
libcpmt.lib(wlocale.obj) : error LNK2038: 'RuntimeLibrary' の不一致が検出されました。値 'MT_StaticRelease' が MTd_StaticDebug の値 'PortAudioDLL.obj' と一致しません。
libcpmt.lib(xlocale.obj) : error LNK2038: '_ITERATOR_DEBUG_LEVEL' の不一致が検出されました。値 '0' が 2 の値 'PortAudioDLL.obj' と一致しません。
libcpmt.lib(xlocale.obj) : error LNK2038: 'RuntimeLibrary' の不一致が検出されました。値 'MT_StaticRelease' が MTd_StaticDebug の値 'PortAudioDLL.obj' と一致しません。
libcpmt.lib(xdateord.obj) : error LNK2038: '_ITERATOR_DEBUG_LEVEL' の不一致が検出されました。値 '0' が 2 の値 'PortAudioDLL.obj' と一致しません。
libcpmt.lib(xdateord.obj) : error LNK2038: 'RuntimeLibrary' の不一致が検出されました。値 'MT_StaticRelease' が MTd_StaticDebug の値 'PortAudioDLL.obj' と一致しません。
libcpmt.lib(StlCompareStringA.obj) : error LNK2038: '_ITERATOR_DEBUG_LEVEL' の不一致が検出されました。値 '0' が 2 の値 'PortAudioDLL.obj' と一致しません。
libcpmt.lib(StlCompareStringA.obj) : error LNK2038: 'RuntimeLibrary' の不一致が検出されました。値 'MT_StaticRelease' が MTd_StaticDebug の値 'PortAudioDLL.obj' と一致しません。
libcpmt.lib(StlCompareStringW.obj) : error LNK2038: '_ITERATOR_DEBUG_LEVEL' の不一致が検出されました。値 '0' が 2 の値 'PortAudioDLL.obj' と一致しません。
libcpmt.lib(StlCompareStringW.obj) : error LNK2038: 'RuntimeLibrary' の不一致が検出されました。値 'MT_StaticRelease' が MTd_StaticDebug の値 'PortAudioDLL.obj' と一致しません。
LIBCMTD.lib(initializers.obj) : warning LNK4098: defaultlib 'msvcrtd.lib' は他のライブラリの使用と競合しています。/NODEFAULTLIB:library を使用してください。
LIBCMTD.lib(initializers.obj) : warning LNK4098: defaultlib 'libcmt.lib' は他のライブラリの使用と競合しています。/NODEFAULTLIB:library を使用してください。
libvorbisfile_static_d.lib(vorbisfile.obj) : warning LNK4217: ローカルで定義されたシンボル calloc がフィクション _ov_open1 にインポートされました。
libvorbisfile_static_d.lib(vorbisfile.obj) : warning LNK4217: ローカルで定義されたシンボル free がフィクション ov_clear にインポートされました。
libvorbisfile_static_d.lib(vorbisfile.obj) : warning LNK4217: ローカルで定義されたシンボル malloc がフィクション _add_serialno にインポートされました。
libvorbisfile_static_d.lib(vorbisfile.obj) : warning LNK4217: ローカルで定義されたシンボル realloc がフィクション _add_serialno にインポートされました。
libvorbisfile_static_d.lib(vorbisfile.obj) : warning LNK4217: ローカルで定義されたシンボル _errno がフィクション _get_data にインポートされました。
libvorbisfile_static_d.lib(vorbisfile.obj) : warning LNK4217: ローカルで定義されたシンボル fclose がフィクション ov_fopen にインポートされました。
libvorbisfile_static_d.lib(vorbisfile.obj) : warning LNK4217: ローカルで定義されたシンボル fopen がフィクション ov_fopen にインポートされました。
libvorbisfile_static_d.lib(vorbisfile.obj) : warning LNK4217: ローカルで定義されたシンボル fread がフィクション ov_open にインポートされました。
libvorbisfile_static_d.lib(vorbisfile.obj) : warning LNK4217: ローカルで定義されたシンボル fseek がフィクション _fseek64_wrap にインポートされました。
libvorbisfile_static_d.lib(vorbisfile.obj) : warning LNK4217: ローカルで定義されたシンボル ftell がフィクション ov_open にインポートされました。
libvorbisfile_static_d.lib(vorbisfile.obj) : warning LNK4217: ローカルで定義されたシンボル floor がフィクション ov_bitrate にインポートされました。
J:\PortAudioDLL\x64\Debug\PortAudioDLL.exe : fatal error LNK1319: 28 の不一致が検出されました
