  PortAudioDLL.cpp
  メモ: インクルード ファイル:  C:\Program Files (x86)\Windows Kits\10\Include\10.0.17134.0\um\Windows.h
  メモ: インクルード ファイル:   C:\Program Files (x86)\Windows Kits\10\Include\10.0.17134.0\shared\winapifamily.h
  メモ: インクルード ファイル:    C:\Program Files (x86)\Windows Kits\10\Include\10.0.17134.0\shared\winpackagefamily.h
  メモ: インクルード ファイル:   C:\Program Files (x86)\Windows Kits\10\Include\10.0.17134.0\shared\sdkddkver.h
  メモ: インクルード ファイル:   J:\Microsoft Visual Studio\2017\Community\VC\Tools\MSVC\14.14.26428\include\excpt.h
  メモ: インクルード ファイル:    J:\Microsoft Visual Studio\2017\Community\VC\Tools\MSVC\14.14.26428\include\vcruntime.h
  メモ: インクルード ファイル:     J:\Microsoft Visual Studio\2017\Community\VC\Tools\MSVC\14.14.26428\include\sal.h
  メモ: インクルード ファイル:      J:\Microsoft Visual Studio\2017\Community\VC\Tools\MSVC\14.14.26428\include\concurrencysal.h
  メモ: インクルード ファイル:     J:\Microsoft Visual Studio\2017\Community\VC\Tools\MSVC\14.14.26428\include\vadefs.h
  メモ: インクルード ファイル:   J:\Microsoft Visual Studio\2017\Community\VC\Tools\MSVC\14.14.26428\include\stdarg.h
  メモ: インクルード ファイル:   C:\Program Files (x86)\Windows Kits\10\Include\10.0.17134.0\shared\windef.h
  メモ: インクルード ファイル:    C:\Program Files (x86)\Windows Kits\10\Include\10.0.17134.0\shared\minwindef.h
  メモ: インクルード ファイル:     C:\Program Files (x86)\Windows Kits\10\Include\10.0.17134.0\shared\specstrings.h
  メモ: インクルード ファイル:      C:\Program Files (x86)\Windows Kits\10\Include\10.0.17134.0\shared\specstrings_strict.h
  メモ: インクルード ファイル:       C:\Program Files (x86)\Windows Kits\10\Include\10.0.17134.0\shared\specstrings_undef.h
  メモ: インクルード ファイル:      C:\Program Files (x86)\Windows Kits\10\Include\10.0.17134.0\shared\driverspecs.h
  メモ: インクルード ファイル:       c:\program files (x86)\windows kits\10\include\10.0.17134.0\shared\sdv_driverspecs.h
  メモ: インクルード ファイル:     C:\Program Files (x86)\Windows Kits\10\Include\10.0.17134.0\um\winnt.h
  メモ: インクルード ファイル:      C:\Program Files (x86)\Windows Kits\10\Include\10.0.17134.0\ucrt\ctype.h
  メモ: インクルード ファイル:       C:\Program Files (x86)\Windows Kits\10\Include\10.0.17134.0\ucrt\corecrt.h
  メモ: インクルード ファイル:       C:\Program Files (x86)\Windows Kits\10\Include\10.0.17134.0\ucrt\corecrt_wctype.h
  メモ: インクルード ファイル:      C:\Program Files (x86)\Windows Kits\10\Include\10.0.17134.0\shared\kernelspecs.h
  メモ: インクルード ファイル:      C:\Program Files (x86)\Windows Kits\10\Include\10.0.17134.0\shared\basetsd.h
  メモ: インクルード ファイル:      C:\Program Files (x86)\Windows Kits\10\Include\10.0.17134.0\shared\guiddef.h
  メモ: インクルード ファイル:       C:\Program Files (x86)\Windows Kits\10\Include\10.0.17134.0\ucrt\string.h
  メモ: インクルード ファイル:        C:\Program Files (x86)\Windows Kits\10\Include\10.0.17134.0\ucrt\corecrt_memory.h
  メモ: インクルード ファイル:         C:\Program Files (x86)\Windows Kits\10\Include\10.0.17134.0\ucrt\corecrt_memcpy_s.h
  メモ: インクルード ファイル:          C:\Program Files (x86)\Windows Kits\10\Include\10.0.17134.0\ucrt\errno.h
  メモ: インクルード ファイル:          J:\Microsoft Visual Studio\2017\Community\VC\Tools\MSVC\14.14.26428\include\vcruntime_string.h
  メモ: インクルード ファイル:        C:\Program Files (x86)\Windows Kits\10\Include\10.0.17134.0\ucrt\corecrt_wstring.h
  メモ: インクルード ファイル:      c:\program files (x86)\windows kits\10\include\10.0.17134.0\shared\pshpack4.h
  メモ: インクルード ファイル:      c:\program files (x86)\windows kits\10\include\10.0.17134.0\shared\poppack.h
  メモ: インクルード ファイル:      C:\Program Files (x86)\Windows Kits\10\Include\10.0.17134.0\shared\pshpack4.h
  メモ: インクルード ファイル:      C:\Program Files (x86)\Windows Kits\10\Include\10.0.17134.0\shared\poppack.h
  メモ: インクルード ファイル:      c:\program files (x86)\windows kits\10\include\10.0.17134.0\shared\pshpack4.h
  メモ: インクルード ファイル:      c:\program files (x86)\windows kits\10\include\10.0.17134.0\shared\pshpack2.h
  メモ: インクルード ファイル:      c:\program files (x86)\windows kits\10\include\10.0.17134.0\shared\poppack.h
  メモ: インクルード ファイル:      c:\program files (x86)\windows kits\10\include\10.0.17134.0\shared\pshpack2.h
  メモ: インクルード ファイル:      C:\Program Files (x86)\Windows Kits\10\Include\10.0.17134.0\shared\pshpack2.h
  メモ: インクルード ファイル:      C:\Program Files (x86)\Windows Kits\10\Include\10.0.17134.0\shared\poppack.h
  メモ: インクルード ファイル:      c:\program files (x86)\windows kits\10\include\10.0.17134.0\shared\poppack.h
  メモ: インクルード ファイル:      c:\program files (x86)\windows kits\10\include\10.0.17134.0\shared\pshpack8.h
  メモ: インクルード ファイル:      c:\program files (x86)\windows kits\10\include\10.0.17134.0\shared\poppack.h
  メモ: インクルード ファイル:      c:\program files (x86)\windows kits\10\include\10.0.17134.0\shared\pshpack1.h
  メモ: インクルード ファイル:      c:\program files (x86)\windows kits\10\include\10.0.17134.0\shared\poppack.h
  メモ: インクルード ファイル:      c:\program files (x86)\windows kits\10\include\10.0.17134.0\shared\pshpack1.h
  メモ: インクルード ファイル:      c:\program files (x86)\windows kits\10\include\10.0.17134.0\shared\poppack.h
  メモ: インクルード ファイル:      c:\program files (x86)\windows kits\10\include\10.0.17134.0\shared\poppack.h
  メモ: インクルード ファイル:      C:\Program Files (x86)\Windows Kits\10\Include\10.0.17134.0\shared\apiset.h
  メモ: インクルード ファイル:      C:\Program Files (x86)\Windows Kits\10\Include\10.0.17134.0\shared\ktmtypes.h
  メモ: インクルード ファイル:   C:\Program Files (x86)\Windows Kits\10\Include\10.0.17134.0\um\winbase.h
  メモ: インクルード ファイル:    C:\Program Files (x86)\Windows Kits\10\Include\10.0.17134.0\shared\apisetcconv.h
  メモ: インクルード ファイル:    C:\Program Files (x86)\Windows Kits\10\Include\10.0.17134.0\um\minwinbase.h
  メモ: インクルード ファイル:    C:\Program Files (x86)\Windows Kits\10\Include\10.0.17134.0\um\processenv.h
  メモ: インクルード ファイル:    C:\Program Files (x86)\Windows Kits\10\Include\10.0.17134.0\um\fileapi.h
  メモ: インクルード ファイル:    C:\Program Files (x86)\Windows Kits\10\Include\10.0.17134.0\um\debugapi.h
  メモ: インクルード ファイル:    C:\Program Files (x86)\Windows Kits\10\Include\10.0.17134.0\um\utilapiset.h
  メモ: インクルード ファイル:    C:\Program Files (x86)\Windows Kits\10\Include\10.0.17134.0\um\handleapi.h
  メモ: インクルード ファイル:    C:\Program Files (x86)\Windows Kits\10\Include\10.0.17134.0\um\errhandlingapi.h
  メモ: インクルード ファイル:    C:\Program Files (x86)\Windows Kits\10\Include\10.0.17134.0\um\fibersapi.h
  メモ: インクルード ファイル:    C:\Program Files (x86)\Windows Kits\10\Include\10.0.17134.0\um\namedpipeapi.h
  メモ: インクルード ファイル:    C:\Program Files (x86)\Windows Kits\10\Include\10.0.17134.0\um\profileapi.h
  メモ: インクルード ファイル:    C:\Program Files (x86)\Windows Kits\10\Include\10.0.17134.0\um\heapapi.h
  メモ: インクルード ファイル:    C:\Program Files (x86)\Windows Kits\10\Include\10.0.17134.0\um\ioapiset.h
  メモ: インクルード ファイル:    C:\Program Files (x86)\Windows Kits\10\Include\10.0.17134.0\um\synchapi.h
  メモ: インクルード ファイル:    C:\Program Files (x86)\Windows Kits\10\Include\10.0.17134.0\um\interlockedapi.h
  メモ: インクルード ファイル:    C:\Program Files (x86)\Windows Kits\10\Include\10.0.17134.0\um\processthreadsapi.h
  メモ: インクルード ファイル:    C:\Program Files (x86)\Windows Kits\10\Include\10.0.17134.0\um\sysinfoapi.h
  メモ: インクルード ファイル:    C:\Program Files (x86)\Windows Kits\10\Include\10.0.17134.0\um\memoryapi.h
  メモ: インクルード ファイル:    C:\Program Files (x86)\Windows Kits\10\Include\10.0.17134.0\um\enclaveapi.h
  メモ: インクルード ファイル:    C:\Program Files (x86)\Windows Kits\10\Include\10.0.17134.0\um\threadpoollegacyapiset.h
  メモ: インクルード ファイル:    C:\Program Files (x86)\Windows Kits\10\Include\10.0.17134.0\um\threadpoolapiset.h
  メモ: インクルード ファイル:    C:\Program Files (x86)\Windows Kits\10\Include\10.0.17134.0\um\jobapi.h
  メモ: インクルード ファイル:    C:\Program Files (x86)\Windows Kits\10\Include\10.0.17134.0\um\jobapi2.h
  メモ: インクルード ファイル:    C:\Program Files (x86)\Windows Kits\10\Include\10.0.17134.0\um\wow64apiset.h
  メモ: インクルード ファイル:    C:\Program Files (x86)\Windows Kits\10\Include\10.0.17134.0\um\libloaderapi.h
  メモ: インクルード ファイル:    C:\Program Files (x86)\Windows Kits\10\Include\10.0.17134.0\um\securitybaseapi.h
  メモ: インクルード ファイル:    C:\Program Files (x86)\Windows Kits\10\Include\10.0.17134.0\um\namespaceapi.h
  メモ: インクルード ファイル:    C:\Program Files (x86)\Windows Kits\10\Include\10.0.17134.0\um\systemtopologyapi.h
  メモ: インクルード ファイル:    C:\Program Files (x86)\Windows Kits\10\Include\10.0.17134.0\um\processtopologyapi.h
  メモ: インクルード ファイル:    C:\Program Files (x86)\Windows Kits\10\Include\10.0.17134.0\um\securityappcontainer.h
  メモ: インクルード ファイル:    C:\Program Files (x86)\Windows Kits\10\Include\10.0.17134.0\um\realtimeapiset.h
  メモ: インクルード ファイル:    C:\Program Files (x86)\Windows Kits\10\Include\10.0.17134.0\shared\winerror.h
  メモ: インクルード ファイル:    C:\Program Files (x86)\Windows Kits\10\Include\10.0.17134.0\um\timezoneapi.h
  メモ: インクルード ファイル:   C:\Program Files (x86)\Windows Kits\10\Include\10.0.17134.0\um\wingdi.h
  メモ: インクルード ファイル:    C:\Program Files (x86)\Windows Kits\10\Include\10.0.17134.0\shared\pshpack1.h
  メモ: インクルード ファイル:    C:\Program Files (x86)\Windows Kits\10\Include\10.0.17134.0\shared\poppack.h
  メモ: インクルード ファイル:    C:\Program Files (x86)\Windows Kits\10\Include\10.0.17134.0\shared\pshpack2.h
  メモ: インクルード ファイル:    C:\Program Files (x86)\Windows Kits\10\Include\10.0.17134.0\shared\poppack.h
  メモ: インクルード ファイル:    C:\Program Files (x86)\Windows Kits\10\Include\10.0.17134.0\shared\pshpack2.h
  メモ: インクルード ファイル:    C:\Program Files (x86)\Windows Kits\10\Include\10.0.17134.0\shared\poppack.h
  メモ: インクルード ファイル:    C:\Program Files (x86)\Windows Kits\10\Include\10.0.17134.0\shared\pshpack4.h
  メモ: インクルード ファイル:    C:\Program Files (x86)\Windows Kits\10\Include\10.0.17134.0\shared\poppack.h
  メモ: インクルード ファイル:    C:\Program Files (x86)\Windows Kits\10\Include\10.0.17134.0\shared\pshpack4.h
  メモ: インクルード ファイル:    C:\Program Files (x86)\Windows Kits\10\Include\10.0.17134.0\shared\poppack.h
  メモ: インクルード ファイル:   C:\Program Files (x86)\Windows Kits\10\Include\10.0.17134.0\um\winuser.h
  メモ: インクルード ファイル:    C:\Program Files (x86)\Windows Kits\10\Include\10.0.17134.0\shared\pshpack2.h
  メモ: インクルード ファイル:    C:\Program Files (x86)\Windows Kits\10\Include\10.0.17134.0\shared\poppack.h
  メモ: インクルード ファイル:    C:\Program Files (x86)\Windows Kits\10\Include\10.0.17134.0\shared\tvout.h
  メモ: インクルード ファイル:   C:\Program Files (x86)\Windows Kits\10\Include\10.0.17134.0\um\winnls.h
  メモ: インクルード ファイル:    C:\Program Files (x86)\Windows Kits\10\Include\10.0.17134.0\um\datetimeapi.h
  メモ: インクルード ファイル:    C:\Program Files (x86)\Windows Kits\10\Include\10.0.17134.0\um\stringapiset.h
  メモ: インクルード ファイル:     C:\Program Files (x86)\Windows Kits\10\Include\10.0.17134.0\um\winnls.h
  メモ: インクルード ファイル:   C:\Program Files (x86)\Windows Kits\10\Include\10.0.17134.0\um\wincon.h
  メモ: インクルード ファイル:    C:\Program Files (x86)\Windows Kits\10\Include\10.0.17134.0\um\wincontypes.h
  メモ: インクルード ファイル:    C:\Program Files (x86)\Windows Kits\10\Include\10.0.17134.0\um\consoleapi.h
  メモ: インクルード ファイル:    C:\Program Files (x86)\Windows Kits\10\Include\10.0.17134.0\um\consoleapi2.h
  メモ: インクルード ファイル:    C:\Program Files (x86)\Windows Kits\10\Include\10.0.17134.0\um\consoleapi3.h
  メモ: インクルード ファイル:   C:\Program Files (x86)\Windows Kits\10\Include\10.0.17134.0\um\winver.h
  メモ: インクルード ファイル:    C:\Program Files (x86)\Windows Kits\10\Include\10.0.17134.0\um\verrsrc.h
  メモ: インクルード ファイル:   C:\Program Files (x86)\Windows Kits\10\Include\10.0.17134.0\um\winreg.h
  メモ: インクルード ファイル:    C:\Program Files (x86)\Windows Kits\10\Include\10.0.17134.0\um\reason.h
  メモ: インクルード ファイル:   C:\Program Files (x86)\Windows Kits\10\Include\10.0.17134.0\um\winnetwk.h
  メモ: インクルード ファイル:    C:\Program Files (x86)\Windows Kits\10\Include\10.0.17134.0\shared\wnnc.h
  メモ: インクルード ファイル:   C:\Program Files (x86)\Windows Kits\10\Include\10.0.17134.0\shared\cderr.h
  メモ: インクルード ファイル:   C:\Program Files (x86)\Windows Kits\10\Include\10.0.17134.0\um\dde.h
  メモ: インクルード ファイル:   C:\Program Files (x86)\Windows Kits\10\Include\10.0.17134.0\um\ddeml.h
  メモ: インクルード ファイル:   C:\Program Files (x86)\Windows Kits\10\Include\10.0.17134.0\um\dlgs.h
  メモ: インクルード ファイル:   C:\Program Files (x86)\Windows Kits\10\Include\10.0.17134.0\um\lzexpand.h
  メモ: インクルード ファイル:   C:\Program Files (x86)\Windows Kits\10\Include\10.0.17134.0\um\mmsystem.h
  メモ: インクルード ファイル:    C:\Program Files (x86)\Windows Kits\10\Include\10.0.17134.0\um\mmsyscom.h
  メモ: インクルード ファイル:     C:\Program Files (x86)\Windows Kits\10\Include\10.0.17134.0\shared\pshpack1.h
  メモ: インクルード ファイル:     C:\Program Files (x86)\Windows Kits\10\Include\10.0.17134.0\shared\poppack.h
  メモ: インクルード ファイル:    C:\Program Files (x86)\Windows Kits\10\Include\10.0.17134.0\shared\pshpack1.h
  メモ: インクルード ファイル:    C:\Program Files (x86)\Windows Kits\10\Include\10.0.17134.0\um\mciapi.h
  メモ: インクルード ファイル:     C:\Program Files (x86)\Windows Kits\10\Include\10.0.17134.0\um\mmsyscom.h
  メモ: インクルード ファイル:    C:\Program Files (x86)\Windows Kits\10\Include\10.0.17134.0\um\mmiscapi.h
  メモ: インクルード ファイル:     C:\Program Files (x86)\Windows Kits\10\Include\10.0.17134.0\um\mmsyscom.h
  メモ: インクルード ファイル:    C:\Program Files (x86)\Windows Kits\10\Include\10.0.17134.0\um\mmiscapi2.h
  メモ: インクルード ファイル:     C:\Program Files (x86)\Windows Kits\10\Include\10.0.17134.0\um\mmsyscom.h
  メモ: インクルード ファイル:    C:\Program Files (x86)\Windows Kits\10\Include\10.0.17134.0\um\playsoundapi.h
  メモ: インクルード ファイル:     C:\Program Files (x86)\Windows Kits\10\Include\10.0.17134.0\um\mmsyscom.h
  メモ: インクルード ファイル:    C:\Program Files (x86)\Windows Kits\10\Include\10.0.17134.0\um\mmeapi.h
  メモ: インクルード ファイル:     C:\Program Files (x86)\Windows Kits\10\Include\10.0.17134.0\um\mmsyscom.h
  メモ: インクルード ファイル:    C:\Program Files (x86)\Windows Kits\10\Include\10.0.17134.0\um\timeapi.h
  メモ: インクルード ファイル:     C:\Program Files (x86)\Windows Kits\10\Include\10.0.17134.0\um\mmsyscom.h
  メモ: インクルード ファイル:    C:\Program Files (x86)\Windows Kits\10\Include\10.0.17134.0\um\joystickapi.h
  メモ: インクルード ファイル:     C:\Program Files (x86)\Windows Kits\10\Include\10.0.17134.0\um\mmsyscom.h
  メモ: インクルード ファイル:    C:\Program Files (x86)\Windows Kits\10\Include\10.0.17134.0\shared\poppack.h
  メモ: インクルード ファイル:   C:\Program Files (x86)\Windows Kits\10\Include\10.0.17134.0\um\nb30.h
  メモ: インクルード ファイル:   C:\Program Files (x86)\Windows Kits\10\Include\10.0.17134.0\shared\rpc.h
  メモ: インクルード ファイル:    C:\Program Files (x86)\Windows Kits\10\Include\10.0.17134.0\shared\pshpack8.h
  メモ: インクルード ファイル:    C:\Program Files (x86)\Windows Kits\10\Include\10.0.17134.0\shared\rpcdce.h
  メモ: インクルード ファイル:     C:\Program Files (x86)\Windows Kits\10\Include\10.0.17134.0\shared\rpcdcep.h
  メモ: インクルード ファイル:    C:\Program Files (x86)\Windows Kits\10\Include\10.0.17134.0\um\rpcnsi.h
  メモ: インクルード ファイル:    C:\Program Files (x86)\Windows Kits\10\Include\10.0.17134.0\shared\rpcnterr.h
  メモ: インクルード ファイル:    C:\Program Files (x86)\Windows Kits\10\Include\10.0.17134.0\shared\rpcasync.h
  メモ: インクルード ファイル:     C:\Program Files (x86)\Windows Kits\10\Include\10.0.17134.0\shared\pshpack8.h
  メモ: インクルード ファイル:     C:\Program Files (x86)\Windows Kits\10\Include\10.0.17134.0\shared\poppack.h
  メモ: インクルード ファイル:    C:\Program Files (x86)\Windows Kits\10\Include\10.0.17134.0\shared\poppack.h
  メモ: インクルード ファイル:   C:\Program Files (x86)\Windows Kits\10\Include\10.0.17134.0\um\shellapi.h
  メモ: インクルード ファイル:   C:\Program Files (x86)\Windows Kits\10\Include\10.0.17134.0\um\winperf.h
  メモ: インクルード ファイル:    C:\Program Files (x86)\Windows Kits\10\Include\10.0.17134.0\shared\pshpack8.h
  メモ: インクルード ファイル:    C:\Program Files (x86)\Windows Kits\10\Include\10.0.17134.0\shared\poppack.h
  メモ: インクルード ファイル:   C:\Program Files (x86)\Windows Kits\10\Include\10.0.17134.0\um\winsock.h
  メモ: インクルード ファイル:    C:\Program Files (x86)\Windows Kits\10\Include\10.0.17134.0\shared\inaddr.h
  メモ: インクルード ファイル:   C:\Program Files (x86)\Windows Kits\10\Include\10.0.17134.0\um\wincrypt.h
  メモ: インクルード ファイル:    C:\Program Files (x86)\Windows Kits\10\Include\10.0.17134.0\shared\bcrypt.h
  メモ: インクルード ファイル:    C:\Program Files (x86)\Windows Kits\10\Include\10.0.17134.0\um\ncrypt.h
  メモ: インクルード ファイル:    C:\Program Files (x86)\Windows Kits\10\Include\10.0.17134.0\um\dpapi.h
  メモ: インクルード ファイル:   C:\Program Files (x86)\Windows Kits\10\Include\10.0.17134.0\um\winefs.h
  メモ: インクルード ファイル:   C:\Program Files (x86)\Windows Kits\10\Include\10.0.17134.0\um\winscard.h
  メモ: インクルード ファイル:    C:\Program Files (x86)\Windows Kits\10\Include\10.0.17134.0\shared\wtypes.h
  メモ: インクルード ファイル:     c:\program files (x86)\windows kits\10\include\10.0.17134.0\shared\rpcndr.h
  メモ: インクルード ファイル:      C:\Program Files (x86)\Windows Kits\10\Include\10.0.17134.0\shared\pshpack8.h
  メモ: インクルード ファイル:      C:\Program Files (x86)\Windows Kits\10\Include\10.0.17134.0\um\rpcnsip.h
  メモ: インクルード ファイル:      C:\Program Files (x86)\Windows Kits\10\Include\10.0.17134.0\shared\rpcsal.h
  メモ: インクルード ファイル:      C:\Program Files (x86)\Windows Kits\10\Include\10.0.17134.0\shared\poppack.h
  メモ: インクルード ファイル:     c:\program files (x86)\windows kits\10\include\10.0.17134.0\shared\wtypesbase.h
  メモ: インクルード ファイル:      c:\program files (x86)\windows kits\10\include\10.0.17134.0\shared\guiddef.h
  メモ: インクルード ファイル:    C:\Program Files (x86)\Windows Kits\10\Include\10.0.17134.0\um\winioctl.h
  メモ: インクルード ファイル:     C:\Program Files (x86)\Windows Kits\10\Include\10.0.17134.0\shared\pshpack1.h
  メモ: インクルード ファイル:     C:\Program Files (x86)\Windows Kits\10\Include\10.0.17134.0\shared\poppack.h
  メモ: インクルード ファイル:     C:\Program Files (x86)\Windows Kits\10\Include\10.0.17134.0\shared\pshpack1.h
  メモ: インクルード ファイル:     C:\Program Files (x86)\Windows Kits\10\Include\10.0.17134.0\shared\poppack.h
  メモ: インクルード ファイル:     C:\Program Files (x86)\Windows Kits\10\Include\10.0.17134.0\shared\pshpack1.h
  メモ: インクルード ファイル:     C:\Program Files (x86)\Windows Kits\10\Include\10.0.17134.0\shared\poppack.h
  メモ: インクルード ファイル:     C:\Program Files (x86)\Windows Kits\10\Include\10.0.17134.0\shared\pshpack1.h
  メモ: インクルード ファイル:     C:\Program Files (x86)\Windows Kits\10\Include\10.0.17134.0\shared\poppack.h
  メモ: インクルード ファイル:     C:\Program Files (x86)\Windows Kits\10\Include\10.0.17134.0\shared\pshpack1.h
  メモ: インクルード ファイル:     C:\Program Files (x86)\Windows Kits\10\Include\10.0.17134.0\shared\poppack.h
  メモ: インクルード ファイル:     C:\Program Files (x86)\Windows Kits\10\Include\10.0.17134.0\shared\pshpack1.h
  メモ: インクルード ファイル:     C:\Program Files (x86)\Windows Kits\10\Include\10.0.17134.0\shared\poppack.h
  メモ: インクルード ファイル:     C:\Program Files (x86)\Windows Kits\10\Include\10.0.17134.0\shared\pshpack1.h
  メモ: インクルード ファイル:     C:\Program Files (x86)\Windows Kits\10\Include\10.0.17134.0\shared\poppack.h
  メモ: インクルード ファイル:    C:\Program Files (x86)\Windows Kits\10\Include\10.0.17134.0\shared\winsmcrd.h
  メモ: インクルード ファイル:   C:\Program Files (x86)\Windows Kits\10\Include\10.0.17134.0\um\winspool.h
  メモ: インクルード ファイル:    C:\Program Files (x86)\Windows Kits\10\Include\10.0.17134.0\um\prsht.h
  メモ: インクルード ファイル:     C:\Program Files (x86)\Windows Kits\10\Include\10.0.17134.0\shared\pshpack8.h
  メモ: インクルード ファイル:     C:\Program Files (x86)\Windows Kits\10\Include\10.0.17134.0\shared\poppack.h
  メモ: インクルード ファイル:   C:\Program Files (x86)\Windows Kits\10\Include\10.0.17134.0\um\ole2.h
  メモ: インクルード ファイル:    C:\Program Files (x86)\Windows Kits\10\Include\10.0.17134.0\shared\pshpack8.h
  メモ: インクルード ファイル:    C:\Program Files (x86)\Windows Kits\10\Include\10.0.17134.0\um\objbase.h
  メモ: インクルード ファイル:     C:\Program Files (x86)\Windows Kits\10\Include\10.0.17134.0\shared\pshpack8.h
  メモ: インクルード ファイル:     C:\Program Files (x86)\Windows Kits\10\Include\10.0.17134.0\um\combaseapi.h
  メモ: インクルード ファイル:      C:\Program Files (x86)\Windows Kits\10\Include\10.0.17134.0\shared\pshpack8.h
  メモ: インクルード ファイル:      C:\Program Files (x86)\Windows Kits\10\Include\10.0.17134.0\ucrt\stdlib.h
  メモ: インクルード ファイル:       C:\Program Files (x86)\Windows Kits\10\Include\10.0.17134.0\ucrt\corecrt_malloc.h
  メモ: インクルード ファイル:       C:\Program Files (x86)\Windows Kits\10\Include\10.0.17134.0\ucrt\corecrt_search.h
  メモ: インクルード ファイル:        C:\Program Files (x86)\Windows Kits\10\Include\10.0.17134.0\ucrt\stddef.h
  メモ: インクルード ファイル:       C:\Program Files (x86)\Windows Kits\10\Include\10.0.17134.0\ucrt\corecrt_wstdlib.h
  メモ: インクルード ファイル:       J:\Microsoft Visual Studio\2017\Community\VC\Tools\MSVC\14.14.26428\include\limits.h
  メモ: インクルード ファイル:      C:\Program Files (x86)\Windows Kits\10\Include\10.0.17134.0\um\unknwnbase.h
  メモ: インクルード ファイル:      C:\Program Files (x86)\Windows Kits\10\Include\10.0.17134.0\um\objidlbase.h
  メモ: インクルード ファイル:      C:\Program Files (x86)\Windows Kits\10\Include\10.0.17134.0\shared\guiddef.h
  メモ: インクルード ファイル:      C:\Program Files (x86)\Windows Kits\10\Include\10.0.17134.0\um\cguid.h
  メモ: インクルード ファイル:      C:\Program Files (x86)\Windows Kits\10\Include\10.0.17134.0\shared\poppack.h
  メモ: インクルード ファイル:     C:\Program Files (x86)\Windows Kits\10\Include\10.0.17134.0\um\coml2api.h
  メモ: インクルード ファイル:      C:\Program Files (x86)\Windows Kits\10\Include\10.0.17134.0\um\objidl.h
  メモ: インクルード ファイル:       c:\program files (x86)\windows kits\10\include\10.0.17134.0\um\unknwn.h
  メモ: インクルード ファイル:      C:\Program Files (x86)\Windows Kits\10\Include\10.0.17134.0\um\propidlbase.h
  メモ: インクルード ファイル:       c:\program files (x86)\windows kits\10\include\10.0.17134.0\um\oaidl.h
  メモ: インクルード ファイル:     C:\Program Files (x86)\Windows Kits\10\Include\10.0.17134.0\um\urlmon.h
  メモ: インクルード ファイル:      c:\program files (x86)\windows kits\10\include\10.0.17134.0\um\oleidl.h
  メモ: インクルード ファイル:      c:\program files (x86)\windows kits\10\include\10.0.17134.0\um\servprov.h
  メモ: インクルード ファイル:      c:\program files (x86)\windows kits\10\include\10.0.17134.0\um\msxml.h
  メモ: インクルード ファイル:     C:\Program Files (x86)\Windows Kits\10\Include\10.0.17134.0\um\propidl.h
  メモ: インクルード ファイル:     C:\Program Files (x86)\Windows Kits\10\Include\10.0.17134.0\shared\poppack.h
  メモ: インクルード ファイル:    C:\Program Files (x86)\Windows Kits\10\Include\10.0.17134.0\um\oleauto.h
  メモ: インクルード ファイル:     C:\Program Files (x86)\Windows Kits\10\Include\10.0.17134.0\shared\pshpack8.h
  メモ: インクルード ファイル:     C:\Program Files (x86)\Windows Kits\10\Include\10.0.17134.0\shared\poppack.h
  メモ: インクルード ファイル:    C:\Program Files (x86)\Windows Kits\10\Include\10.0.17134.0\shared\poppack.h
  メモ: インクルード ファイル:   C:\Program Files (x86)\Windows Kits\10\Include\10.0.17134.0\um\commdlg.h
  メモ: インクルード ファイル:    C:\Program Files (x86)\Windows Kits\10\Include\10.0.17134.0\um\prsht.h
  メモ: インクルード ファイル:   C:\Program Files (x86)\Windows Kits\10\Include\10.0.17134.0\shared\stralign.h
  メモ: インクルード ファイル:   C:\Program Files (x86)\Windows Kits\10\Include\10.0.17134.0\um\winsvc.h
  メモ: インクルード ファイル:   C:\Program Files (x86)\Windows Kits\10\Include\10.0.17134.0\um\mcx.h
  メモ: インクルード ファイル:   C:\Program Files (x86)\Windows Kits\10\Include\10.0.17134.0\um\imm.h
  メモ: インクルード ファイル:    C:\Program Files (x86)\Windows Kits\10\Include\10.0.17134.0\um\ime_cmodes.h
  メモ: インクルード ファイル:  C:\Program Files (x86)\Windows Kits\10\Include\10.0.17134.0\ucrt\stdio.h
  メモ: インクルード ファイル:   C:\Program Files (x86)\Windows Kits\10\Include\10.0.17134.0\ucrt\corecrt_wstdio.h
  メモ: インクルード ファイル:    C:\Program Files (x86)\Windows Kits\10\Include\10.0.17134.0\ucrt\corecrt_stdio_config.h
  メモ: インクルード ファイル:  C:\Program Files (x86)\Windows Kits\10\Include\10.0.17134.0\ucrt\tchar.h
  メモ: インクルード ファイル:   C:\Program Files (x86)\Windows Kits\10\Include\10.0.17134.0\ucrt\mbstring.h
  メモ: インクルード ファイル:  j:\portaudiodll\portaudiodll\Singleton.h
  メモ: インクルード ファイル:   J:\Microsoft Visual Studio\2017\Community\VC\Tools\MSVC\14.14.26428\include\cassert
  メモ: インクルード ファイル:    J:\Microsoft Visual Studio\2017\Community\VC\Tools\MSVC\14.14.26428\include\yvals.h
  メモ: インクルード ファイル:     J:\Microsoft Visual Studio\2017\Community\VC\Tools\MSVC\14.14.26428\include\xkeycheck.h
  メモ: インクルード ファイル:     J:\Microsoft Visual Studio\2017\Community\VC\Tools\MSVC\14.14.26428\include\crtdefs.h
  メモ: インクルード ファイル:     J:\Microsoft Visual Studio\2017\Community\VC\Tools\MSVC\14.14.26428\include\use_ansi.h
  メモ: インクルード ファイル:    C:\Program Files (x86)\Windows Kits\10\Include\10.0.17134.0\ucrt\assert.h
  メモ: インクルード ファイル:   J:\Microsoft Visual Studio\2017\Community\VC\Tools\MSVC\14.14.26428\include\string
  メモ: インクルード ファイル:    J:\Microsoft Visual Studio\2017\Community\VC\Tools\MSVC\14.14.26428\include\istream
  メモ: インクルード ファイル:     J:\Microsoft Visual Studio\2017\Community\VC\Tools\MSVC\14.14.26428\include\ostream
  メモ: インクルード ファイル:      J:\Microsoft Visual Studio\2017\Community\VC\Tools\MSVC\14.14.26428\include\ios
  メモ: インクルード ファイル:       J:\Microsoft Visual Studio\2017\Community\VC\Tools\MSVC\14.14.26428\include\xlocnum
  メモ: インクルード ファイル:        J:\Microsoft Visual Studio\2017\Community\VC\Tools\MSVC\14.14.26428\include\climits
  メモ: インクルード ファイル:        J:\Microsoft Visual Studio\2017\Community\VC\Tools\MSVC\14.14.26428\include\cmath
  メモ: インクルード ファイル:         J:\Microsoft Visual Studio\2017\Community\VC\Tools\MSVC\14.14.26428\include\cstdlib
  メモ: インクルード ファイル:          C:\Program Files (x86)\Windows Kits\10\Include\10.0.17134.0\ucrt\math.h
  メモ: インクルード ファイル:           C:\Program Files (x86)\Windows Kits\10\Include\10.0.17134.0\ucrt\corecrt_math.h
  メモ: インクルード ファイル:         J:\Microsoft Visual Studio\2017\Community\VC\Tools\MSVC\14.14.26428\include\xtgmath.h
  メモ: インクルード ファイル:          J:\Microsoft Visual Studio\2017\Community\VC\Tools\MSVC\14.14.26428\include\xtr1common
  メモ: インクルード ファイル:        J:\Microsoft Visual Studio\2017\Community\VC\Tools\MSVC\14.14.26428\include\cstdio
  メモ: インクルード ファイル:        J:\Microsoft Visual Studio\2017\Community\VC\Tools\MSVC\14.14.26428\include\streambuf
  メモ: インクルード ファイル:         J:\Microsoft Visual Studio\2017\Community\VC\Tools\MSVC\14.14.26428\include\xiosbase
  メモ: インクルード ファイル:          J:\Microsoft Visual Studio\2017\Community\VC\Tools\MSVC\14.14.26428\include\xlocale
  メモ: インクルード ファイル:           J:\Microsoft Visual Studio\2017\Community\VC\Tools\MSVC\14.14.26428\include\cstring
  メモ: インクルード ファイル:           J:\Microsoft Visual Studio\2017\Community\VC\Tools\MSVC\14.14.26428\include\stdexcept
  メモ: インクルード ファイル:            J:\Microsoft Visual Studio\2017\Community\VC\Tools\MSVC\14.14.26428\include\exception
  メモ: インクルード ファイル:             J:\Microsoft Visual Studio\2017\Community\VC\Tools\MSVC\14.14.26428\include\type_traits
  メモ: インクルード ファイル:              J:\Microsoft Visual Studio\2017\Community\VC\Tools\MSVC\14.14.26428\include\xstddef
  メモ: インクルード ファイル:               J:\Microsoft Visual Studio\2017\Community\VC\Tools\MSVC\14.14.26428\include\cstddef
  メモ: インクルード ファイル:               J:\Microsoft Visual Studio\2017\Community\VC\Tools\MSVC\14.14.26428\include\initializer_list
  メモ: インクルード ファイル:             C:\Program Files (x86)\Windows Kits\10\Include\10.0.17134.0\ucrt\malloc.h
  メモ: インクルード ファイル:             J:\Microsoft Visual Studio\2017\Community\VC\Tools\MSVC\14.14.26428\include\vcruntime_exception.h
  メモ: インクルード ファイル:              J:\Microsoft Visual Studio\2017\Community\VC\Tools\MSVC\14.14.26428\include\eh.h
  メモ: インクルード ファイル:               C:\Program Files (x86)\Windows Kits\10\Include\10.0.17134.0\ucrt\corecrt_terminate.h
  メモ: インクルード ファイル:            J:\Microsoft Visual Studio\2017\Community\VC\Tools\MSVC\14.14.26428\include\xstring
  メモ: インクルード ファイル:             J:\Microsoft Visual Studio\2017\Community\VC\Tools\MSVC\14.14.26428\include\xmemory0
  メモ: インクルード ファイル:              J:\Microsoft Visual Studio\2017\Community\VC\Tools\MSVC\14.14.26428\include\cstdint
  メモ: インクルード ファイル:               J:\Microsoft Visual Studio\2017\Community\VC\Tools\MSVC\14.14.26428\include\stdint.h
  メモ: インクルード ファイル:              J:\Microsoft Visual Studio\2017\Community\VC\Tools\MSVC\14.14.26428\include\limits
  メモ: インクルード ファイル:               J:\Microsoft Visual Studio\2017\Community\VC\Tools\MSVC\14.14.26428\include\ymath.h
  メモ: インクルード ファイル:               J:\Microsoft Visual Studio\2017\Community\VC\Tools\MSVC\14.14.26428\include\cfloat
  メモ: インクルード ファイル:                C:\Program Files (x86)\Windows Kits\10\Include\10.0.17134.0\ucrt\float.h
  メモ: インクルード ファイル:               J:\Microsoft Visual Studio\2017\Community\VC\Tools\MSVC\14.14.26428\include\cwchar
  メモ: インクルード ファイル:                C:\Program Files (x86)\Windows Kits\10\Include\10.0.17134.0\ucrt\wchar.h
  メモ: インクルード ファイル:                 C:\Program Files (x86)\Windows Kits\10\Include\10.0.17134.0\ucrt\corecrt_wconio.h
  メモ: インクルード ファイル:                 C:\Program Files (x86)\Windows Kits\10\Include\10.0.17134.0\ucrt\corecrt_wdirect.h
  メモ: インクルード ファイル:                 C:\Program Files (x86)\Windows Kits\10\Include\10.0.17134.0\ucrt\corecrt_wio.h
  メモ: インクルード ファイル:                  C:\Program Files (x86)\Windows Kits\10\Include\10.0.17134.0\ucrt\corecrt_share.h
  メモ: インクルード ファイル:                 C:\Program Files (x86)\Windows Kits\10\Include\10.0.17134.0\ucrt\corecrt_wprocess.h
  メモ: インクルード ファイル:                 C:\Program Files (x86)\Windows Kits\10\Include\10.0.17134.0\ucrt\corecrt_wtime.h
  メモ: インクルード ファイル:                 C:\Program Files (x86)\Windows Kits\10\Include\10.0.17134.0\ucrt\sys/stat.h
  メモ: インクルード ファイル:                  C:\Program Files (x86)\Windows Kits\10\Include\10.0.17134.0\ucrt\sys/types.h
  メモ: インクルード ファイル:              J:\Microsoft Visual Studio\2017\Community\VC\Tools\MSVC\14.14.26428\include\new
  メモ: インクルード ファイル:               J:\Microsoft Visual Studio\2017\Community\VC\Tools\MSVC\14.14.26428\include\vcruntime_new.h
  メモ: インクルード ファイル:              J:\Microsoft Visual Studio\2017\Community\VC\Tools\MSVC\14.14.26428\include\xutility
  メモ: インクルード ファイル:               J:\Microsoft Visual Studio\2017\Community\VC\Tools\MSVC\14.14.26428\include\utility
  メモ: インクルード ファイル:                J:\Microsoft Visual Studio\2017\Community\VC\Tools\MSVC\14.14.26428\include\iosfwd
  メモ: インクルード ファイル:                 C:\Program Files (x86)\Windows Kits\10\Include\10.0.17134.0\ucrt\crtdbg.h
  メモ: インクルード ファイル:                  J:\Microsoft Visual Studio\2017\Community\VC\Tools\MSVC\14.14.26428\include\vcruntime_new_debug.h
  メモ: インクルード ファイル:              J:\Microsoft Visual Studio\2017\Community\VC\Tools\MSVC\14.14.26428\include\xatomic0.h
  メモ: インクルード ファイル:              J:\Microsoft Visual Studio\2017\Community\VC\Tools\MSVC\14.14.26428\include\intrin0.h
  メモ: インクルード ファイル:           J:\Microsoft Visual Studio\2017\Community\VC\Tools\MSVC\14.14.26428\include\typeinfo
  メモ: インクルード ファイル:            J:\Microsoft Visual Studio\2017\Community\VC\Tools\MSVC\14.14.26428\include\vcruntime_typeinfo.h
  メモ: インクルード ファイル:           J:\Microsoft Visual Studio\2017\Community\VC\Tools\MSVC\14.14.26428\include\xlocinfo
  メモ: インクルード ファイル:            J:\Microsoft Visual Studio\2017\Community\VC\Tools\MSVC\14.14.26428\include\xlocinfo.h
  メモ: インクルード ファイル:             C:\Program Files (x86)\Windows Kits\10\Include\10.0.17134.0\ucrt\locale.h
  メモ: インクルード ファイル:           J:\Microsoft Visual Studio\2017\Community\VC\Tools\MSVC\14.14.26428\include\memory
  メモ: インクルード ファイル:            J:\Microsoft Visual Studio\2017\Community\VC\Tools\MSVC\14.14.26428\include\xmemory
  メモ: インクルード ファイル:           J:\Microsoft Visual Studio\2017\Community\VC\Tools\MSVC\14.14.26428\include\xfacet
  メモ: インクルード ファイル:          J:\Microsoft Visual Studio\2017\Community\VC\Tools\MSVC\14.14.26428\include\system_error
  メモ: インクルード ファイル:           J:\Microsoft Visual Studio\2017\Community\VC\Tools\MSVC\14.14.26428\include\cerrno
  メモ: インクルード ファイル:           J:\Microsoft Visual Studio\2017\Community\VC\Tools\MSVC\14.14.26428\include\xcall_once.h
  メモ: インクルード ファイル:           J:\Microsoft Visual Studio\2017\Community\VC\Tools\MSVC\14.14.26428\include\xerrc.h
  メモ: インクルード ファイル:          C:\Program Files (x86)\Windows Kits\10\Include\10.0.17134.0\ucrt\share.h
  メモ: インクルード ファイル:    J:\Microsoft Visual Studio\2017\Community\VC\Tools\MSVC\14.14.26428\include\xstring_insert.h
  メモ: インクルード ファイル:   J:\Microsoft Visual Studio\2017\Community\VC\Tools\MSVC\14.14.26428\include\mutex
  メモ: インクルード ファイル:    J:\Microsoft Visual Studio\2017\Community\VC\Tools\MSVC\14.14.26428\include\chrono
  メモ: インクルード ファイル:     J:\Microsoft Visual Studio\2017\Community\VC\Tools\MSVC\14.14.26428\include\ratio
  メモ: インクルード ファイル:     C:\Program Files (x86)\Windows Kits\10\Include\10.0.17134.0\ucrt\time.h
  メモ: インクルード ファイル:     J:\Microsoft Visual Studio\2017\Community\VC\Tools\MSVC\14.14.26428\include\thr/xtimec.h
  メモ: インクルード ファイル:      J:\Microsoft Visual Studio\2017\Community\VC\Tools\MSVC\14.14.26428\include\thr/xthrcommon.h
  メモ: インクルード ファイル:    J:\Microsoft Visual Studio\2017\Community\VC\Tools\MSVC\14.14.26428\include\functional
  メモ: インクルード ファイル:     J:\Microsoft Visual Studio\2017\Community\VC\Tools\MSVC\14.14.26428\include\tuple
  メモ: インクルード ファイル:    J:\Microsoft Visual Studio\2017\Community\VC\Tools\MSVC\14.14.26428\include\thread
  メモ: インクルード ファイル:     J:\Microsoft Visual Studio\2017\Community\VC\Tools\MSVC\14.14.26428\include\thr/xthread
  メモ: インクルード ファイル:      J:\Microsoft Visual Studio\2017\Community\VC\Tools\MSVC\14.14.26428\include\thr/xtime
  メモ: インクルード ファイル:      J:\Microsoft Visual Studio\2017\Community\VC\Tools\MSVC\14.14.26428\include\thr/xthreads.h
  メモ: インクルード ファイル:  j:\portaudiodll\portaudiodll\PortAudio/OpenAlCore/OpenAlCore.h
  メモ: インクルード ファイル:   J:\PortAudioDLL\Data\include\AL/al.h
  メモ: インクルード ファイル:   J:\PortAudioDLL\Data\include\AL/alc.h
  メモ: インクルード ファイル:  j:\portaudiodll\portaudiodll\PortAudio/AudioSpeaker/AudioSpeaker.h
  メモ: インクルード ファイル:   j:\portaudiodll\portaudiodll\portaudio\audiospeaker\../FileLoad/LoadSoundFile.h
  メモ: インクルード ファイル:    J:\Microsoft Visual Studio\2017\Community\VC\Tools\MSVC\14.14.26428\include\vector
LIBCMT.lib(initializers.obj) : warning LNK4098: defaultlib 'msvcrt.lib' は他のライブラリの使用と競合しています。/NODEFAULTLIB:library を使用してください。
  コード生成しています。
  コード生成が終了しました。
libvorbisfile_static.lib(vorbisfile.obj) : warning LNK4049: ローカルで定義されたシンボル calloc がインポートされました。
libvorbisfile_static.lib(vorbisfile.obj) : warning LNK4049: ローカルで定義されたシンボル free がインポートされました。
libvorbisfile_static.lib(vorbisfile.obj) : warning LNK4049: ローカルで定義されたシンボル malloc がインポートされました。
libvorbisfile_static.lib(vorbisfile.obj) : warning LNK4049: ローカルで定義されたシンボル realloc がインポートされました。
libvorbisfile_static.lib(vorbisfile.obj) : warning LNK4049: ローカルで定義されたシンボル _errno がインポートされました。
libvorbisfile_static.lib(vorbisfile.obj) : warning LNK4049: ローカルで定義されたシンボル fclose がインポートされました。
libvorbisfile_static.lib(vorbisfile.obj) : warning LNK4049: ローカルで定義されたシンボル fopen がインポートされました。
libvorbisfile_static.lib(vorbisfile.obj) : warning LNK4049: ローカルで定義されたシンボル fread がインポートされました。
libvorbisfile_static.lib(vorbisfile.obj) : warning LNK4049: ローカルで定義されたシンボル fseek がインポートされました。
libvorbisfile_static.lib(vorbisfile.obj) : warning LNK4049: ローカルで定義されたシンボル ftell がインポートされました。
  PortAudioDLL.vcxproj -> J:\PortAudioDLL\x64\Release\PortAudioDLL.exe
